Removed Pin From Net: NetName=GND Pin=Display-3
Removed Pin From Net: NetName=GND Pin=Display-8
Removed Pin From Net: NetName=GND Pin=IC4-3
Removed Pin From Net: NetName=VCC Pin=IC4-6
Removed Pin From Net: NetName=GND Pin=IC4-10
Removed Pin From Net: NetName=VCC Pin=IC4-14
Removed Pin From Net: NetName=GND Pin=IC4-TH
Removed Pin From Net: NetName=VCC Pin=MC_R1-2
Removed Pin From Net: NetName=VCC Pin=MC_R2-2
Removed Pin From Net: NetName=GND Pin=R37-2
Removed Pin From Net: NetName=VCC Pin=SD1-4
Removed Pin From Net: NetName=GND Pin=SD1-6
Removed Pin From Net: NetName=GND Pin=SW_id1-2
Removed Member From Class: ClassName=Periféricos Member=Display
Removed Member From Class: ClassName=Periféricos Member=IC4
Removed Member From Class: ClassName=Com_board_2018 Member=MC_R1
Removed Member From Class: ClassName=Com_board_2018 Member=MC_R2
Removed Member From Class: ClassName=Periféricos Member=R37
Removed Member From Class: ClassName=Periféricos Member=SD1
Removed Member From Class: ClassName=Periféricos Member=SW_id1
