Removed Pin From Net: NetName=GND Pin=BAT-1
Removed Pin From Net: NetName=GND Pin=C2-1
Removed Pin From Net: NetName=VCC Pin=C2-2
Removed Pin From Net: NetName=GND Pin=C3-1
Removed Pin From Net: NetName=VCC Pin=C3-2
Removed Pin From Net: NetName=GND Pin=C4-1
Removed Pin From Net: NetName=GND Pin=C5-2
Removed Pin From Net: NetName=VCC Pin=C6-1
Removed Pin From Net: NetName=GND Pin=C6-2
Removed Pin From Net: NetName=GND Pin=C7-2
Removed Pin From Net: NetName=GND Pin=IC1-1
Removed Pin From Net: NetName=GND Pin=IC3-11
Removed Pin From Net: NetName=INT_MPU Pin=IC3-12
Removed Pin From Net: NetName=VCC Pin=IC3-13
Removed Pin From Net: NetName=GND Pin=IC3-18
Removed Pin From Net: NetName=GND Pin=IC3-18
Removed Pin From Net: NetName=GND Pin=IC3-20
Removed Pin From Net: NetName=MPU_CS Pin=IC3-22
Removed Pin From Net: NetName=GND Pin=IC?-1
Removed Pin From Net: NetName=VCC Pin=IC?-2
Removed Pin From Net: NetName=VCC Pin=IC?-4
Removed Pin From Net: NetName=VCC Pin=L1-2
Removed Pin From Net: NetName=VCC Pin=R1-2
Removed Pin From Net: NetName=GND Pin=R2-1
Removed Pin From Net: NetName=BAT_REF Pin=R3-1
Removed Pin From Net: NetName=GND Pin=R4-1
Removed Pin From Net: NetName=BAT_REF Pin=R4-2
Removed Member From Class: ClassName=Periféricos Member=C5
Removed Member From Class: ClassName=Periféricos Member=C6
Removed Member From Class: ClassName=Periféricos Member=C7
Removed Member From Class: ClassName=Periféricos Member=IC3
