eMessage_Info Begin analyzing Unnamed simulation (1)
eMessage_Info Generated the settings file: C:\Users\Public\Documents\Altium\Projects\Mother_Board_SSL2018\PDNAnalyzer_Output\Mother_board_SSL2018\Unnamed simulation (1)\Mother_board_SSL2018.py
Solver Process 16444 exited with code 0.
<<info>>
CST PI-DC Module [built: Nov  9 2017 / 22:34:56, version=Version 2018.0 Build: 20171109]
<<end>>
<<progress>>
100
<<end>>
<<progress>>
0
Reading layers
<<end>>
<<progress>>
20
Reading layers
<<end>>
<<progress>>
40
Reading layers
<<end>>
<<progress>>
60
Reading layers
<<end>>
<<progress>>
100
Reading layers
<<end>>
<<progress>>
0
Creating simulation-control file
<<end>>
<<progress>>
10
Pre-processing components
<<end>>
<<progress>>
0
Converting to PCBS format
<<end>>
<<progress>>
33
Converting to PCBS format
<<end>>
<<progress>>
66
Converting to PCBS format
<<end>>
<<progress>>
100
Converting to PCBS format
<<end>>
<<progress>>
20
Pre-processing geometries
<<end>>
<<progress>>
70
Saving PCB layout in CST format
<<end>>
<<progress>>
100
Done PCB conversion to CST format
<<end>>
<<info>>
Running IR-Drop Solver
<<end>>
<<progress>>
0
CST PI-DC solution
<<end>>
<<progress>>
10
CST PI-DC solution
<<end>>
<<progress>>
20
CST PI-DC solution
<<end>>
<<progress>>
30
CST PI-DC solution
<<end>>
<<warning>>
Unphysical voltage drop on IO side! Possible reasons:
  - the DC path of the power/ground system is not closed due to missing or undefined components;
  - the resistance Rpath of the DC path might be too large due to components with high resistances;
  - the current Iic drawn by the ICs is too large or the voltage 'Usupply' of the power supply is too small;
  - the condition 'Usupply > Rpath*Iic' for a working power/ground system is not fulfilled;
<<end>>
<<progress>>
50
CST PI-DC solution
<<end>>
<<progress>>
100
CST PI-DC solution
<<end>>
<<info>>
PI-DC analysis finished successfully.
<<end>>
eMessage_Info Load and analyze result for Unnamed simulation (1)
eMessage_Info Found violations
eMessage_Info Analysis Complete Unnamed simulation (1)
