Removed Pin From Net: NetName=MB Pin=IC-1
Removed Pin From Net: NetName=MB Pin=IC-2
Removed Pin From Net: NetName=VCC Pin=IC-3
Removed Pin From Net: NetName=VCC Pin=IC-4
Removed Pin From Net: NetName=NetC3_2 Pin=IC-5
Removed Pin From Net: NetName=MAL Pin=IC-6
Removed Pin From Net: NetName=GND Pin=IC-7
Removed Pin From Net: NetName=MBH Pin=IC-8
Removed Pin From Net: NetName=VCC Pin=IC-9
Removed Pin From Net: NetName=GND Pin=IC-10
Removed Pin From Net: NetName=GND Pin=IC-11
Removed Pin From Net: NetName=GND Pin=IC-12
Removed Pin From Net: NetName=MA Pin=IC-13
Removed Pin From Net: NetName=MA Pin=IC-14
Removed Pin From Net: NetName=MA Pin=IC-15
Removed Pin From Net: NetName=MA Pin=IC-16
Removed Pin From Net: NetName=VCC Pin=IC-17
Removed Pin From Net: NetName=VCC Pin=IC-18
Removed Pin From Net: NetName=NetC4_1 Pin=IC-19
Removed Pin From Net: NetName=GND Pin=IC-20
Removed Pin From Net: NetName=MBL Pin=IC-21
Removed Pin From Net: NetName=MAH Pin=IC-22
Removed Pin From Net: NetName=VCC Pin=IC-23
Removed Pin From Net: NetName=GND Pin=IC-24
Removed Pin From Net: NetName=GND Pin=IC-25
Removed Pin From Net: NetName=GND Pin=IC-26
Removed Pin From Net: NetName=MB Pin=IC-27
Removed Pin From Net: NetName=MB Pin=IC-28
Removed Member From Class: ClassName=Motor_Driver_2018Sch Member=IC
Added Component: Designator=IC?(QFN50P1000X1300X85_HS-61N)
Add component. Clean all parameters for all variants
Added Pin To Net: NetName=MB Pin=IC?-1
Added Pin To Net: NetName=MB Pin=IC?-2
Added Pin To Net: NetName=VCC Pin=IC?-3
Added Pin To Net: NetName=VCC Pin=IC?-4
Added Pin To Net: NetName=NetC3_2 Pin=IC?-5
Added Pin To Net: NetName=MAL Pin=IC?-6
Added Pin To Net: NetName=GND Pin=IC?-7
Added Pin To Net: NetName=MBH Pin=IC?-8
Added Pin To Net: NetName=VCC Pin=IC?-9
Added Pin To Net: NetName=GND Pin=IC?-10
Added Pin To Net: NetName=GND Pin=IC?-11
Added Pin To Net: NetName=GND Pin=IC?-12
Added Pin To Net: NetName=MA Pin=IC?-13
Added Pin To Net: NetName=MA Pin=IC?-14
Added Pin To Net: NetName=MA Pin=IC?-15
Added Pin To Net: NetName=MA Pin=IC?-16
Added Pin To Net: NetName=VCC Pin=IC?-17
Added Pin To Net: NetName=VCC Pin=IC?-18
Added Pin To Net: NetName=NetC4_1 Pin=IC?-19
Added Pin To Net: NetName=GND Pin=IC?-20
Added Pin To Net: NetName=MBL Pin=IC?-21
Added Pin To Net: NetName=MAH Pin=IC?-22
Added Pin To Net: NetName=VCC Pin=IC?-23
Added Pin To Net: NetName=GND Pin=IC?-24
Added Pin To Net: NetName=GND Pin=IC?-25
Added Pin To Net: NetName=GND Pin=IC?-26
Added Pin To Net: NetName=MB Pin=IC?-27
Added Pin To Net: NetName=MB Pin=IC?-28
Added Member To Class: ClassName=Motor_Driver_2018Sch Member=Component IC? PWD13F60_1
