Removed Pin From Net: NetName=MB Pin=PWD13F60-1
Removed Pin From Net: NetName=MB Pin=PWD13F60-2
Removed Pin From Net: NetName=VCC Pin=PWD13F60-3
Removed Pin From Net: NetName=VCC Pin=PWD13F60-4
Removed Pin From Net: NetName=NetC3_2 Pin=PWD13F60-5
Removed Pin From Net: NetName=MAL Pin=PWD13F60-6
Removed Pin From Net: NetName=GND Pin=PWD13F60-7
Removed Pin From Net: NetName=MBH Pin=PWD13F60-8
Removed Pin From Net: NetName=VCC Pin=PWD13F60-9
Removed Pin From Net: NetName=GND Pin=PWD13F60-10
Removed Pin From Net: NetName=GND Pin=PWD13F60-11
Removed Pin From Net: NetName=GND Pin=PWD13F60-12
Removed Pin From Net: NetName=MA Pin=PWD13F60-13
Removed Pin From Net: NetName=MA Pin=PWD13F60-14
Removed Pin From Net: NetName=MA Pin=PWD13F60-15
Removed Pin From Net: NetName=MA Pin=PWD13F60-16
Removed Pin From Net: NetName=VCC Pin=PWD13F60-17
Removed Pin From Net: NetName=VCC Pin=PWD13F60-18
Removed Pin From Net: NetName=NetC4_1 Pin=PWD13F60-19
Removed Pin From Net: NetName=GND Pin=PWD13F60-20
Removed Pin From Net: NetName=MBL Pin=PWD13F60-21
Removed Pin From Net: NetName=MAH Pin=PWD13F60-22
Removed Pin From Net: NetName=VCC Pin=PWD13F60-23
Removed Pin From Net: NetName=GND Pin=PWD13F60-24
Removed Pin From Net: NetName=GND Pin=PWD13F60-25
Removed Pin From Net: NetName=GND Pin=PWD13F60-26
Removed Pin From Net: NetName=MB Pin=PWD13F60-27
Removed Pin From Net: NetName=MB Pin=PWD13F60-28
Removed Member From Class: ClassName=Motor_Driver_2018Sch Member=PWD13F60
Change Component Designator: OldDesignator=CON_MC NewDesignator=CON-MC1
Change Component Designator: OldDesignator=CON_MOTOR NewDesignator=CON-MC2
Added Component: Designator=IC?(QFN50P1000X1300X85_HS-61N)
Add component. Clean all parameters for all variants
Added Pin To Net: NetName=MB Pin=IC?-1
Added Pin To Net: NetName=MB Pin=IC?-2
Added Pin To Net: NetName=VCC Pin=IC?-3
Added Pin To Net: NetName=VCC Pin=IC?-4
Added Pin To Net: NetName=NetC3_2 Pin=IC?-5
Added Pin To Net: NetName=MAL Pin=IC?-6
Added Pin To Net: NetName=GND Pin=IC?-7
Added Pin To Net: NetName=MBH Pin=IC?-8
Added Pin To Net: NetName=VCC Pin=IC?-9
Added Pin To Net: NetName=GND Pin=IC?-10
Added Pin To Net: NetName=GND Pin=IC?-11
Added Pin To Net: NetName=GND Pin=IC?-12
Added Pin To Net: NetName=MA Pin=IC?-13
Added Pin To Net: NetName=MA Pin=IC?-14
Added Pin To Net: NetName=MA Pin=IC?-15
Added Pin To Net: NetName=MA Pin=IC?-16
Added Pin To Net: NetName=VCC Pin=IC?-17
Added Pin To Net: NetName=VCC Pin=IC?-18
Added Pin To Net: NetName=NetC4_1 Pin=IC?-19
Added Pin To Net: NetName=GND Pin=IC?-20
Added Pin To Net: NetName=MBL Pin=IC?-21
Added Pin To Net: NetName=MAH Pin=IC?-22
Added Pin To Net: NetName=VCC Pin=IC?-23
Added Pin To Net: NetName=GND Pin=IC?-24
Added Pin To Net: NetName=GND Pin=IC?-25
Added Pin To Net: NetName=GND Pin=IC?-26
Added Pin To Net: NetName=MB Pin=IC?-27
Added Pin To Net: NetName=MB Pin=IC?-28
