Removed Pin From Net: NetName=GND Pin=R1-1
Removed Pin From Net: NetName=GND Pin=R2-2
Removed Member From Class: ClassName=Motor_Driver_2018Sch Member=R1
Removed Member From Class: ClassName=Motor_Driver_2018Sch Member=R2
Added Component: Designator=C7(1206_CAP_TANT)
Add component. Clean all parameters for all variants
Add component (AddParameter): Name = "Cod EMS"; Value = "05.281.019.213"; VariantName = "[No Variations]"
Add component (AddParameter): Name = "Manufacturer"; Value = "AVX Corporation"; VariantName = "[No Variations]"
Add component (AddParameter): Name = "Part No"; Value = "TAJA106K016RNJ"; VariantName = "[No Variations]"
Added Component: Designator=IC(QFN50P1000X1300X85_HS-61N)
Add component. Clean all parameters for all variants
Added Pin To Net: NetName=VCC Pin=C7-1
Added Pin To Net: NetName=GND Pin=C7-2
Added Pin To Net: NetName=MB Pin=IC-1
Added Pin To Net: NetName=MB Pin=IC-2
Added Pin To Net: NetName=VCC Pin=IC-3
Added Pin To Net: NetName=VCC Pin=IC-4
Added Pin To Net: NetName=NetC3_2 Pin=IC-5
Added Pin To Net: NetName=MAL Pin=IC-6
Added Pin To Net: NetName=GND Pin=IC-7
Added Pin To Net: NetName=MBH Pin=IC-8
Added Pin To Net: NetName=VCC Pin=IC-9
Added Pin To Net: NetName=GND Pin=IC-10
Added Pin To Net: NetName=GND Pin=IC-11
Added Pin To Net: NetName=GND Pin=IC-12
Added Pin To Net: NetName=MA Pin=IC-13
Added Pin To Net: NetName=MA Pin=IC-14
Added Pin To Net: NetName=MA Pin=IC-15
Added Pin To Net: NetName=MA Pin=IC-16
Added Pin To Net: NetName=VCC Pin=IC-17
Added Pin To Net: NetName=VCC Pin=IC-18
Added Pin To Net: NetName=NetC4_1 Pin=IC-19
Added Pin To Net: NetName=GND Pin=IC-20
Added Pin To Net: NetName=MBL Pin=IC-21
Added Pin To Net: NetName=MAH Pin=IC-22
Added Pin To Net: NetName=VCC Pin=IC-23
Added Pin To Net: NetName=GND Pin=IC-24
Added Pin To Net: NetName=GND Pin=IC-25
Added Pin To Net: NetName=GND Pin=IC-26
Added Pin To Net: NetName=MB Pin=IC-27
Added Pin To Net: NetName=MB Pin=IC-28
Added Member To Class: ClassName=Motor_Driver_2018Sch Member=Component C7 10uF
Added Member To Class: ClassName=Motor_Driver_2018Sch Member=Component IC PWD13F60_1
