Removed Pin From Net: NetName=V+ Pin=P2-1
Removed Pin From Net: NetName=V+ Pin=P2-2
Removed Pin From Net: NetName=V+ Pin=P2-3
Removed Pin From Net: NetName=V+ Pin=P2-4
Removed Pin From Net: NetName=V+ Pin=P2-5
Removed Pin From Net: NetName=V+ Pin=P2-6
Change Component DesignItemId : Designator=SwC3 Old DesignItemId=Cap 470nF 0402 New DesignItemId=Cap 470nF 50V 1206
Change Component Comment : Designator=SwC3 Old Comment=GRM155R61A474KE15D New Comment=C1206C474K5NACTU
Change Component Description : Designator=SwC3 Old Description=0.47µF 10V Ceramic Capacitor X5R 0402 (1005 Metric) 0.039" L x 0.020" W (1.00mm x 0.50mm) New Description=0.47µF 50V Ceramic Capacitor X8L 1206 (3216 Metric) 0.126" L x 0.063" W (3.20mm x 1.60mm)
Added Component: Designator=P2F1(CAP-1206 KEMET)
Added Pin To Net: NetName=V+ Pin=P2F1-2
Added Pin To Net: NetName=NetP2_1 Pin=P2-1
Added Pin To Net: NetName=NetP2_1 Pin=P2-2
Added Pin To Net: NetName=NetP2_1 Pin=P2-3
Added Pin To Net: NetName=NetP2_1 Pin=P2-4
Added Pin To Net: NetName=NetP2_1 Pin=P2-5
Added Pin To Net: NetName=NetP2_1 Pin=P2-6
Added Pin To Net: NetName=NetP2_1 Pin=P2F1-1
Added Net: Name=NetP2_1
Added Pin To Net: NetName=NetSwC3_2 Pin=SwC3-2
Added Pin To Net: NetName=NetSwC3_2 Pin=SwR2-1
Added Net: Name=NetSwC3_2
Added Member To Class: ClassName=Sheet1 Member=Component P2F1 MF-MSMF250/16X-2
Added Room: Name=Sheet1
