
Importing C:\Users\estagiario02\Desktop\SSL_Electronic_Boards\SSL_Electronic_Boards\Kicker_Module_2018\PDNAnalyzer_Output\Kicker2018_PCB\Unnamed simulation (1)\odb.tgz... [Fri May 11 18:27:04 2018]
============================================================
Reading ODB++ database ...

file not found: odb/misc/info.Z
Reading file odb/matrix/matrix...
Reading file odb/steps/pcb/profile...
Reading file odb/steps/pcb/eda/data...
Origin of ODB++ database:  Altium Designer file - Version 1.0.0.30000
eda data: 23 packages, 27 nets.
Reading file odb/steps/pcb/layers/top_solder/features...
84 SWHs on layer TOP_SOLDER

Reading file odb/steps/pcb/layers/top_layer/features...
107 SWHs on layer TOP_LAYER

Reading file odb/steps/pcb/layers/bottom_layer/features...
237 SWHs on layer BOTTOM_LAYER

Reading file odb/steps/pcb/layers/bottom_solder/features...
120 SWHs on layer BOTTOM_SOLDER

Added substrate layer SUBSTRATE-1 below etch layer TOP_LAYER
Reading file odb/steps/pcb/layers/top_solder/attrlist...
Reading file odb/steps/pcb/layers/top_layer/attrlist...
Reading file odb/steps/pcb/layers/bottom_layer/attrlist...
Reading file odb/steps/pcb/layers/bottom_solder/attrlist...
WARNING: material values were set to default due to missing information for the following layers:  'TOP_SOLDER', 'TOP_LAYER', 'BOTTOM_LAYER', 'BOTTOM_SOLDER'
parsing drills TOP_LAYER-BOTTOM_LAYER
Reading file odb/steps/pcb/layers/drill/features...
Reading file odb/steps/pcb/layers/comp_+_top/components...
Reading file odb/steps/pcb/layers/comp_+_bot/components...
WARNING: didn't find pad for pin MH1 from component CE, place pin on component side
['top_solder', 'bottom_solder', 'drill'] [] (2298, 1583.133799999999837382347323)
WARNING: didn't find pad for pin MH2 from component CE, place pin on component side
['top_solder', 'bottom_solder', 'drill'] [] (2298, 1654)
WARNING: different refdes prefixes in component group OSTTA024163: 
	 CON_CHIP_KICK
	 pdna_comp_(+)_CON_CAP_(-)_1
	 CON_KICK
WARNING: different refdes prefixes in component group ES3J: 
	 ES3J_A
	 ES3J_B
	 D1
WARNING: 2 duplicate vertices ignored
========================================
INFO: Created CSV file (C:\Users\estagiario02\Desktop\SSL_Electronic_Boards\SSL_Electronic_Boards\Kicker_Module_2018\PDNAnalyzer_Output\Kicker2018_PCB\Unnamed simulation (1)\Results\tmp\design.csv) with component properties extracted from ODB++ file.
========================================
========================================
Lumped-element import (C:\Users\estagiario02\Desktop\SSL_Electronic_Boards\SSL_Electronic_Boards\Kicker_Module_2018\PDNAnalyzer_Output\Kicker2018_PCB\Unnamed simulation (1)\Results\tmp\design.csv)...
Detected ' ; ' as separator.

Value-string translations:
	100K ->  100.0 kOhms (R)
	100pF ->  100.0 pF (C)
	100uF ->  100.0 uF (C)
	100uH ->  100.0 uH (L)
	10R ->  10.0 Ohms (R)
	10uF ->  10.0 uF (C)
	11K1 ->  11.1 kOhms (R)
	160R ->  160.0 Ohms (R)
	180pF ->  180.0 pF (C)
	1K ->  1.0 kOhms (R)
	1R ->  1.0 Ohms (R)
	220uF ->  220.0 uF (C)
	22uF ->  22.0 uF (C)
	2K2 ->  2.2 kOhms (R)
	33K ->  33.0 kOhms (R)
	42K2 ->  42.2 kOhms (R)
WARNING: unable to interpret: OSTTA024163
WARNING: unable to interpret: DA2034
WARNING: unable to interpret: EVQ-P7
WARNING: unable to interpret: GATE_DRIVER
WARNING: unable to interpret: Flyback_Regulator
========================================
WARNING: There were some warnings while importing the auto-generated CSV-file 'C:\Users\estagiario02\Desktop\SSL_Electronic_Boards\SSL_Electronic_Boards\Kicker_Module_2018\PDNAnalyzer_Output\Kicker2018_PCB\Unnamed simulation (1)\Results\tmp\design.csv'. Please review the auto-generated file under Parts Editor->Load (csv).
========================================
Unifying library padstacks...
Finished reading database.
============================================================
