Removed Pin From Net: NetName=MOSI Pin=DISCO_P1-9
Removed Pin From Net: NetName=MOSI Pin=IC3-24
Removed Pin From Net: NetName=I2C.SCL Pin=IC4-4
Removed Pin From Net: NetName=I2C.SDA Pin=IC4-5
Added Component: Designator=R38(0402-RES-HD)
Add component. Clean all parameters for all variants
Add component (AddParameter): Name = "Cod EMS"; Value = "05.280.029.526"; VariantName = "[No Variations]"
Add component (AddParameter): Name = "Family"; Value = "ERJ-2RKF....X"; VariantName = "[No Variations]"
Add component (AddParameter): Name = "Family Description"; Value = "RESISTOR FILME ESPESSO 10R-1M / 1/10W / 1% / 0402. P/N: ERJ-2RKF....X – PANASONIC ELECTRONIC COMPONENTS."; VariantName = "[No Variations]"
Add component (AddParameter): Name = "Part No"; Value = "ERJ-2RKF4701X"; VariantName = "[No Variations]"
Add component (AddParameter): Name = "Value"; Value = "4.7K"; VariantName = "[No Variations]"
Added Component: Designator=R39(0402-RES-HD)
Add component. Clean all parameters for all variants
Add component (AddParameter): Name = "Cod EMS"; Value = "05.280.029.526"; VariantName = "[No Variations]"
Add component (AddParameter): Name = "Family"; Value = "ERJ-2RKF....X"; VariantName = "[No Variations]"
Add component (AddParameter): Name = "Family Description"; Value = "RESISTOR FILME ESPESSO 10R-1M / 1/10W / 1% / 0402. P/N: ERJ-2RKF....X – PANASONIC ELECTRONIC COMPONENTS."; VariantName = "[No Variations]"
Add component (AddParameter): Name = "Part No"; Value = "ERJ-2RKF4701X"; VariantName = "[No Variations]"
Add component (AddParameter): Name = "Value"; Value = "4.7K"; VariantName = "[No Variations]"
Added Pin To Net: NetName=I2C.SCL Pin=R38-2
Added Pin To Net: NetName=I2C.SDA Pin=R39-2
Change Net Name : Old Net Name=MOSI New Net Name=SPI2_MOSI
Added Pin To Net: NetName=NetIC4_4 Pin=IC4-4
Added Pin To Net: NetName=NetIC4_4 Pin=R38-1
Added Net: Name=NetIC4_4
Added Pin To Net: NetName=NetIC4_5 Pin=IC4-5
Added Pin To Net: NetName=NetIC4_5 Pin=R39-1
Added Net: Name=NetIC4_5
Added Member To Class: ClassName=Periféricos Member=Component R38 4K7
Added Member To Class: ClassName=Periféricos Member=Component R39 4K7
