Removed Pin From Net: NetName=M0_ENCB Pin=06x01_Conector_Male_M0-1
Removed Pin From Net: NetName=M0_ENCA Pin=06x01_Conector_Male_M0-2
Removed Pin From Net: NetName=VCC Pin=06x01_Conector_Male_M0-3
Removed Pin From Net: NetName=GND Pin=06x01_Conector_Male_M0-4
Removed Pin From Net: NetName=MA_M0 Pin=06x01_Conector_Male_M0-5
Removed Pin From Net: NetName=MB_M0 Pin=06x01_Conector_Male_M0-6
Removed Pin From Net: NetName=M1_ENCB Pin=06x01_Conector_Male_M1-1
Removed Pin From Net: NetName=M1_ENCA Pin=06x01_Conector_Male_M1-2
Removed Pin From Net: NetName=VCC Pin=06x01_Conector_Male_M1-3
Removed Pin From Net: NetName=GND Pin=06x01_Conector_Male_M1-4
Removed Pin From Net: NetName=MA_M1 Pin=06x01_Conector_Male_M1-5
Removed Pin From Net: NetName=MB_M1 Pin=06x01_Conector_Male_M1-6
Removed Pin From Net: NetName=M2_ENCB Pin=06x01_Conector_Male_M2-1
Removed Pin From Net: NetName=M2_ENCA Pin=06x01_Conector_Male_M2-2
Removed Pin From Net: NetName=VCC Pin=06x01_Conector_Male_M2-3
Removed Pin From Net: NetName=GND Pin=06x01_Conector_Male_M2-4
Removed Pin From Net: NetName=MA_M2 Pin=06x01_Conector_Male_M2-5
Removed Pin From Net: NetName=MB_M2 Pin=06x01_Conector_Male_M2-6
Removed Pin From Net: NetName=M3_ENCB Pin=06x01_Conector_Male_M3-1
Removed Pin From Net: NetName=M3_ENCA Pin=06x01_Conector_Male_M3-2
Removed Pin From Net: NetName=VCC Pin=06x01_Conector_Male_M3-3
Removed Pin From Net: NetName=GND Pin=06x01_Conector_Male_M3-4
Removed Pin From Net: NetName=MA_M3 Pin=06x01_Conector_Male_M3-5
Removed Pin From Net: NetName=MB_M3 Pin=06x01_Conector_Male_M3-6
Change Component Comment : Designator=RL1 Old Comment=330R New Comment=100R
Change Component Comment : Designator=RL2 Old Comment=330R New Comment=100R
Added Pin To Net: NetName=MB_M0 Pin=06x01_Conector_Male_M0-1
Added Pin To Net: NetName=MA_M0 Pin=06x01_Conector_Male_M0-2
Added Pin To Net: NetName=GND Pin=06x01_Conector_Male_M0-3
Added Pin To Net: NetName=VCC Pin=06x01_Conector_Male_M0-4
Added Pin To Net: NetName=M0_ENCA Pin=06x01_Conector_Male_M0-5
Added Pin To Net: NetName=M0_ENCB Pin=06x01_Conector_Male_M0-6
Added Pin To Net: NetName=MB_M1 Pin=06x01_Conector_Male_M1-1
Added Pin To Net: NetName=MA_M1 Pin=06x01_Conector_Male_M1-2
Added Pin To Net: NetName=GND Pin=06x01_Conector_Male_M1-3
Added Pin To Net: NetName=VCC Pin=06x01_Conector_Male_M1-4
Added Pin To Net: NetName=M1_ENCA Pin=06x01_Conector_Male_M1-5
Added Pin To Net: NetName=M1_ENCB Pin=06x01_Conector_Male_M1-6
Added Pin To Net: NetName=MB_M2 Pin=06x01_Conector_Male_M2-1
Added Pin To Net: NetName=MA_M2 Pin=06x01_Conector_Male_M2-2
Added Pin To Net: NetName=GND Pin=06x01_Conector_Male_M2-3
Added Pin To Net: NetName=VCC Pin=06x01_Conector_Male_M2-4
Added Pin To Net: NetName=M2_ENCA Pin=06x01_Conector_Male_M2-5
Added Pin To Net: NetName=M2_ENCB Pin=06x01_Conector_Male_M2-6
Added Pin To Net: NetName=MB_M3 Pin=06x01_Conector_Male_M3-1
Added Pin To Net: NetName=MA_M3 Pin=06x01_Conector_Male_M3-2
Added Pin To Net: NetName=GND Pin=06x01_Conector_Male_M3-3
Added Pin To Net: NetName=VCC Pin=06x01_Conector_Male_M3-4
Added Pin To Net: NetName=M3_ENCA Pin=06x01_Conector_Male_M3-5
Added Pin To Net: NetName=M3_ENCB Pin=06x01_Conector_Male_M3-6
