Change Component Designator: Old Designator=? New Designator=1
Change Component Designator: Old Designator=C? New Designator=C5
Change Component Designator: Old Designator=C? New Designator=C6
Change Component Designator: Old Designator=C? New Designator=C7
Change Component Designator: Old Designator=Display? New Designator=Display1
Change Component Designator: Old Designator=IC? New Designator=IC2
Change Component Designator: Old Designator=IC? New Designator=IC3
Change Component Designator: Old Designator=Kick? New Designator=Kick1
Change Component Designator: Old Designator=LED? New Designator=LED1
Change Component Designator: Old Designator=LED? New Designator=LED2
Change Component Designator: Old Designator=LED_BALL_L? New Designator=LED_BALL_L1
Change Component Designator: Old Designator=LED_BALL_R? New Designator=LED_BALL_R1
Change Component Designator: Old Designator=LED_COM_L? New Designator=LED_COM_L1
Change Component Designator: Old Designator=LED_COM_R? New Designator=LED_COM_R1
Change Component Designator: Old Designator=LED_GREEN_L? New Designator=LED_GREEN_L1
Change Component Designator: Old Designator=LED_GREEN_R? New Designator=LED_GREEN_R1
Change Component Designator: Old Designator=LED_ORANGE_L? New Designator=LED_ORANGE_L1
Change Component Designator: Old Designator=LED_ORANGE_R? New Designator=LED_ORANGE_R1
Change Component Designator: Old Designator=NRF_C? New Designator=NRF_C1
Change Component Designator: Old Designator=P? New Designator=P1
Change Component Designator: Old Designator=P? New Designator=P2
Change Component Designator: Old Designator=R? New Designator=R5
Change Component Designator: Old Designator=R? New Designator=R6
Change Component Designator: Old Designator=R? New Designator=R7
Change Component Designator: Old Designator=R? New Designator=R8
Change Component Designator: Old Designator=R? New Designator=R9
Change Component Designator: Old Designator=R? New Designator=R12
Change Component Designator: Old Designator=R? New Designator=R13
Change Component Designator: Old Designator=R? New Designator=R14
Change Component Designator: Old Designator=R? New Designator=R15
Change Component Designator: Old Designator=RL? New Designator=RL1
Change Component Designator: Old Designator=RL? New Designator=RL2
Change Component Designator: Old Designator=RS? New Designator=RS1
Change Component Designator: Old Designator=RS? New Designator=RS2
Change Component Designator: Old Designator=SD? New Designator=SD1
Change Component Designator: Old Designator=SENSOR? New Designator=SENSOR1
Change Component Designator: Old Designator=SENSOR? New Designator=SENSOR2
Change Component Designator: Old Designator=SW_id? New Designator=SW_id1
