Change Component Comment : Designator=TP_S Old Comment=15V New Comment=
Change Component Comment : Designator=CE Old Comment=CHARGE_ENABLE New Comment=SW-SPST
Change Component Comment : Designator=Q1 Old Comment=CSD18540 New Comment=CSD18540Q5BT
Change Component Comment : Designator=TP_D Old Comment=DONE New Comment=
Change Component Comment : Designator=TP_G Old Comment=GATE New Comment=
Change Component Comment : Designator=S1 Old Comment=KICK New Comment=SW-SPST
Change Component Comment : Designator=D4 Old Comment=PMEG30 New Comment=PMEG3050EP,115
Change Component Designator: OldDesignator=BAS40 NewDesignator=D5
Change Component Designator: OldDesignator=BAS40 NewDesignator=D6
Change Component Designator: OldDesignator=ES3J NewDesignator=D2
Change Component Designator: OldDesignator=ES3J NewDesignator=D3
Change Component Designator: OldDesignator=R015 NewDesignator=R5
Added Component: Designator=TP_CE(TP-PCB)
Add component. Clean all parameters for all variants
Added Component: Designator=TP_RDCM(TP-PCB)
Add component. Clean all parameters for all variants
Added Component: Designator=TP_Vout(TP-PCB)
Add component. Clean all parameters for all variants
Added Pin To Net: NetName=CHARGE_ENABLE Pin=TP_CE-1
Added Pin To Net: NetName=RDCM Pin=TP_RDCM-1
Added Pin To Net: NetName=RVOut Pin=TP_Vout-1
Added Member To Class: ClassName=Kicker2018 Member=Component D3 ES3J
Added Member To Class: ClassName=Kicker2018 Member=Component D6 BAS40 Diode
Added Member To Class: ClassName=Kicker2018 Member=Component TP_CE 
Added Member To Class: ClassName=Kicker2018 Member=Component TP_RDCM 
Added Member To Class: ClassName=Kicker2018 Member=Component TP_Vout 
