
Importing C:\Users\estagiario02\Desktop\SSL_Electronic_Boards\SSL_Electronic_Boards\Motor_Driver_2018\PDNAnalyzer_Output\Motor_Driver_2018PCB\Unnamed simulation (1)\odb.tgz... [Fri May 11 19:21:46 2018]
============================================================
Reading ODB++ database ...

file not found: odb/misc/info.Z
Reading file odb/matrix/matrix...
Reading file odb/steps/pcb/profile...
Reading file odb/steps/pcb/eda/data...
Origin of ODB++ database:  Altium Designer file - Version 1.0.0.30000
eda data: 4 packages, 11 nets.
Reading file odb/steps/pcb/layers/top_solder/features...
66 SWHs on layer TOP_SOLDER

Reading file odb/steps/pcb/layers/top_layer/features...
140 SWHs on layer TOP_LAYER

Reading file odb/steps/pcb/layers/bottom_layer/features...
30 SWHs on layer BOTTOM_LAYER

Reading file odb/steps/pcb/layers/bottom_solder/features...
24 SWHs on layer BOTTOM_SOLDER

Added substrate layer SUBSTRATE-1 below etch layer TOP_LAYER
Reading file odb/steps/pcb/layers/top_solder/attrlist...
Reading file odb/steps/pcb/layers/top_layer/attrlist...
Reading file odb/steps/pcb/layers/bottom_layer/attrlist...
Reading file odb/steps/pcb/layers/bottom_solder/attrlist...
WARNING: material values were set to default due to missing information for the following layers:  'TOP_SOLDER', 'TOP_LAYER', 'BOTTOM_LAYER', 'BOTTOM_SOLDER'
parsing drills TOP_LAYER-BOTTOM_LAYER
Reading file odb/steps/pcb/layers/drill/features...
Reading file odb/steps/pcb/layers/comp_+_top/components...
========================================
INFO: Created CSV file (C:\Users\estagiario02\Desktop\SSL_Electronic_Boards\SSL_Electronic_Boards\Motor_Driver_2018\PDNAnalyzer_Output\Motor_Driver_2018PCB\Unnamed simulation (1)\Results\tmp\design.csv) with component properties extracted from ODB++ file.
========================================
========================================
Lumped-element import (C:\Users\estagiario02\Desktop\SSL_Electronic_Boards\SSL_Electronic_Boards\Motor_Driver_2018\PDNAnalyzer_Output\Motor_Driver_2018PCB\Unnamed simulation (1)\Results\tmp\design.csv)...
Detected ' ; ' as separator.

Value-string translations:
	100nF ->  100.0 nF (C)
	10uF ->  10.0 uF (C)
	22032041 ->  22.032041000000003 uF (C)
	220nF ->  220.0 nF (C)
	33nF ->  33.0 nF (C)
========================================
Auto-imported CSV-file 'C:\Users\estagiario02\Desktop\SSL_Electronic_Boards\SSL_Electronic_Boards\Motor_Driver_2018\PDNAnalyzer_Output\Motor_Driver_2018PCB\Unnamed simulation (1)\Results\tmp\design.csv'.
========================================
Unifying library padstacks...
Finished reading database.
============================================================
